<?xml version="1.0" encoding="UTF-8"?>
<!-- Generated by org.testng.reporters.JUnitReportReporter -->
<testsuite skipped="0" hostname="SSG-INDIA-WS21" name="ztrialpackage.Trialclass" tests="2" failures="0" timestamp="12 Sep 2018 07:09:32 GMT" time="26.834" errors="0">
  <testcase name="samplea" time="13.669" classname="ztrialpackage.Trialclass"/>
  <testcase name="samplea" time="13.165" classname="ztrialpackage.Trialclass"/>
</testsuite> <!-- ztrialpackage.Trialclass -->
