<?xml version="1.0" encoding="UTF-8"?>
<!-- Generated by org.testng.reporters.JUnitReportReporter -->
<testsuite name="com.propertyradar.phonenumbercollection.Rebomarketingdata" tests="1" time="88.769" ignored="0" failures="0" timestamp="22 May 2018 16:53:17 GMT" skipped="0" hostname="SSG-INDIA-WS21" errors="0">
  <testcase name="robodataretrieval" time="88.769" classname="com.propertyradar.phonenumbercollection.Rebomarketingdata"/>
</testsuite> <!-- com.propertyradar.phonenumbercollection.Rebomarketingdata -->
