<?xml version="1.0" encoding="UTF-8"?>
<!-- Generated by org.testng.reporters.JUnitReportReporter -->
<testsuite skipped="0" hostname="SSG-INDIA-WS21" name="com.propertyradar.phonenumbercollection.ReterivalIdSearchNots" tests="1" failures="0" timestamp="29 Aug 2018 05:55:20 GMT" time="126.500" errors="0">
  <testcase name="getphonumber" time="126.500" classname="com.propertyradar.phonenumbercollection.ReterivalIdSearchNots"/>
</testsuite> <!-- com.propertyradar.phonenumbercollection.ReterivalIdSearchNots -->
